<?xml version="1.0" encoding="UTF-8"?>
<!-- Generated by org.testng.reporters.JUnitReportReporter -->
<testsuite skipped="0" hostname="DESKTOP-N72SF5G" name="ecomm.apitests.CreateOrderFlow" tests="13" failures="0" timestamp="09 Apr 2021 12:01:10 GMT" time="18.403" errors="0">
  <testcase name="TC_001_getAccessToken" time="3.760" classname="ecomm.apitests.CreateOrderFlow"/>
  <testcase name="TC_002_getProductDetails" time="0.544" classname="ecomm.apitests.CreateOrderFlow"/>
  <testcase name="TC_003_CreateCart" time="2.367" classname="ecomm.apitests.CreateOrderFlow"/>
  <testcase name="TC_004_AddLineItemToCart" time="1.178" classname="ecomm.apitests.CreateOrderFlow"/>
  <testcase name="TC_005_AddDiscountToCart" time="0.625" classname="ecomm.apitests.CreateOrderFlow"/>
  <testcase name="TC_006_SetShippingAddress" time="1.821" classname="ecomm.apitests.CreateOrderFlow"/>
  <testcase name="TC_007_SetBillingAddress" time="0.971" classname="ecomm.apitests.CreateOrderFlow"/>
  <testcase name="TC_008_SetShippingMethod" time="1.020" classname="ecomm.apitests.CreateOrderFlow"/>
  <testcase name="TC_009_SetShippingMethodTaxAmount" time="1.031" classname="ecomm.apitests.CreateOrderFlow"/>
  <testcase name="TC_010_CreatePayment" time="2.918" classname="ecomm.apitests.CreateOrderFlow"/>
  <testcase name="TC_011_addCarttopayment" time="0.948" classname="ecomm.apitests.CreateOrderFlow"/>
  <testcase name="TC_012_CreateAnOrder" time="0.919" classname="ecomm.apitests.CreateOrderFlow"/>
  <testcase name="TC_013_GetAnOrder" time="0.301" classname="ecomm.apitests.CreateOrderFlow"/>
</testsuite> <!-- ecomm.apitests.CreateOrderFlow -->
