<?xml version="1.0" encoding="UTF-8"?>
<!-- Generated by org.testng.reporters.JUnitReportReporter -->
<testsuite skipped="0" hostname="DESKTOP-N72SF5G" name="ecomm.apitests.CreateOrderFlow" tests="10" failures="0" timestamp="10 Mar 2021 07:33:07 GMT" time="7.529" errors="0">
  <testcase name="TC_001_getAccessToken" time="3.173" classname="ecomm.apitests.CreateOrderFlow"/>
  <testcase name="TC_002_getProductDetails" time="0.460" classname="ecomm.apitests.CreateOrderFlow"/>
  <testcase name="TC_003_CreateCart" time="0.796" classname="ecomm.apitests.CreateOrderFlow"/>
  <testcase name="TC_004_AddLineItemToCart" time="0.472" classname="ecomm.apitests.CreateOrderFlow"/>
  <testcase name="TC_005_AddDiscountToCart" time="0.716" classname="ecomm.apitests.CreateOrderFlow"/>
  <testcase name="TC_006_SetShippingAddress" time="0.358" classname="ecomm.apitests.CreateOrderFlow"/>
  <testcase name="TC_007_SetBillingAddress" time="0.399" classname="ecomm.apitests.CreateOrderFlow"/>
  <testcase name="TC_008_SetShippingMethod" time="0.345" classname="ecomm.apitests.CreateOrderFlow"/>
  <testcase name="TC_009_CreateAnOrder" time="0.484" classname="ecomm.apitests.CreateOrderFlow"/>
  <testcase name="TC_010_GetAnOrder" time="0.326" classname="ecomm.apitests.CreateOrderFlow"/>
</testsuite> <!-- ecomm.apitests.CreateOrderFlow -->
